0 info it worked if it ends with ok
1 verbose cli [ 'node', '/usr/local/bin/npm', 'run', 'build' ]
2 info using npm@1.4.28
3 info using node@v0.10.33
4 verbose run-script [ 'prebuild', 'build', 'postbuild' ]
5 info prebuild sign-shop-portal@1.0.0
6 info build sign-shop-portal@1.0.0
7 verbose unsafe-perm in lifecycle true
8 info sign-shop-portal@1.0.0 Failed to exec build script
9 error sign-shop-portal@1.0.0 build: `browserify src/application.js > build/application.js`
9 error Exit status 1
10 error Failed at the sign-shop-portal@1.0.0 build script.
10 error This is most likely a problem with the sign-shop-portal package,
10 error not with npm itself.
10 error Tell the author that this fails on your system:
10 error     browserify src/application.js > build/application.js
10 error You can get their info via:
10 error     npm owner ls sign-shop-portal
10 error There is likely additional logging output above.
11 error System Darwin 14.5.0
12 error command "node" "/usr/local/bin/npm" "run" "build"
13 error cwd /Applications/MAMP/htdocs/sign-shop-portal
14 error node -v v0.10.33
15 error npm -v 1.4.28
16 error code ELIFECYCLE
17 verbose exit [ 1, true ]
